<?xml version="1.0" encoding="UTF-8"?>
<!-- Generated by org.testng.reporters.JUnitReportReporter -->
<testsuite hostname="LAPTOP-7U5TQCSS" name="com.assignment.ui.testcase.newuserScreen" tests="2" failures="0" timestamp="7 Dec 2018 15:43:14 GMT" time="28.862" errors="0">
  <testcase name="verifyNewUserScreen" time="24.302" classname="com.assignment.ui.testcase.newuserScreen"/>
  <testcase name="verifyUsersFilters" time="4.560" classname="com.assignment.ui.testcase.newuserScreen"/>
</testsuite> <!-- com.assignment.ui.testcase.newuserScreen -->
